<?xml version="1.0" encoding="UTF-8"?>
<testsuite xmlns:xsi="http://www.w3.org/2001/XMLSchema-instance" xsi:noNamespaceSchemaLocation="https://maven.apache.org/surefire/maven-surefire-plugin/xsd/surefire-test-report.xsd" name="com.xantrix.webapp.UnitTest.ControllerTest" time="35.333" tests="5" errors="2" skipped="0" failures="0">
  <properties>
[...]
</properties>
  <testcase name="A_testInsUtente" classname="com.xantrix.webapp.UnitTest.ControllerTest" time="3.13">
    <error message="Request processing failed; nested exception is org.springframework.dao.DuplicateKeyException: E11000 duplicate key error collection: ms-users.utenti index: userId dup key: { : &quot;Mario&quot; }; nested exception is com.mongodb.MongoWriteException: E11000 duplicate key error collection: ms-users.utenti index: userId dup key: { : &quot;Mario&quot; }" type="org.springframework.web.util.NestedServletException">org.springframework.web.util.NestedServletException: Request processing failed; nested exception is org.springframework.dao.DuplicateKeyException: E11000 duplicate key error collection: ms-users.utenti index: userId dup key: { : "Mario" }; nested exception is com.mongodb.MongoWriteException: E11000 duplicate key error collection: ms-users.utenti index: userId dup key: { : "Mario" }
	at com.xantrix.webapp.UnitTest.ControllerTest.A_testInsUtente(ControllerTest.java:58)
Caused by: org.springframework.dao.DuplicateKeyException: E11000 duplicate key error collection: ms-users.utenti index: userId dup key: { : "Mario" }; nested exception is com.mongodb.MongoWriteException: E11000 duplicate key error collection: ms-users.utenti index: userId dup key: { : "Mario" }
	at com.xantrix.webapp.UnitTest.ControllerTest.A_testInsUtente(ControllerTest.java:58)
Caused by: com.mongodb.MongoWriteException: E11000 duplicate key error collection: ms-users.utenti index: userId dup key: { : "Mario" }
	at com.xantrix.webapp.UnitTest.ControllerTest.A_testInsUtente(ControllerTest.java:58)
</error>
    <system-out><![CDATA[19:02:35.635 [main] DEBUG org.springframework.test.context.junit4.SpringJUnit4ClassRunner - SpringJUnit4ClassRunner constructor called with [class com.xantrix.webapp.UnitTest.ControllerTest]
19:02:35.660 [main] DEBUG org.springframework.test.context.BootstrapUtils - Instantiating CacheAwareContextLoaderDelegate from class [org.springframework.test.context.cache.DefaultCacheAwareContextLoaderDelegate]
19:02:35.694 [main] DEBUG org.springframework.test.context.BootstrapUtils - Instantiating BootstrapContext using constructor [public org.springframework.test.context.support.DefaultBootstrapContext(java.lang.Class,org.springframework.test.context.CacheAwareContextLoaderDelegate)]
19:02:35.860 [main] DEBUG org.springframework.test.context.BootstrapUtils - Instantiating TestContextBootstrapper for test class [com.xantrix.webapp.UnitTest.ControllerTest] from class [org.springframework.boot.test.context.SpringBootTestContextBootstrapper]
19:02:36.033 [main] DEBUG org.springframework.test.context.support.AbstractContextLoader - Did not detect default resource location for test class [com.xantrix.webapp.UnitTest.ControllerTest]: class path resource [com/xantrix/webapp/UnitTest/ControllerTest-context.xml] does not exist
19:02:36.046 [main] DEBUG org.springframework.test.context.support.AbstractContextLoader - Did not detect default resource location for test class [com.xantrix.webapp.UnitTest.ControllerTest]: class path resource [com/xantrix/webapp/UnitTest/ControllerTestContext.groovy] does not exist
19:02:36.048 [main] INFO org.springframework.test.context.support.AbstractContextLoader - Could not detect default resource locations for test class [com.xantrix.webapp.UnitTest.ControllerTest]: no resource found for suffixes {-context.xml, Context.groovy}.
19:02:36.375 [main] DEBUG org.springframework.test.context.support.ActiveProfilesUtils - Could not find an 'annotation declaring class' for annotation type [org.springframework.test.context.ActiveProfiles] and class [com.xantrix.webapp.UnitTest.ControllerTest]
19:02:37.390 [main] DEBUG org.springframework.boot.test.context.SpringBootTestContextBootstrapper - @TestExecutionListeners is not present for class [com.xantrix.webapp.UnitTest.ControllerTest]: using defaults.
19:02:37.392 [main] INFO org.springframework.boot.test.context.SpringBootTestContextBootstrapper - Loaded default TestExecutionListener class names from location [META-INF/spring.factories]: [org.springframework.boot.test.mock.mockito.MockitoTestExecutionListener, org.springframework.boot.test.mock.mockito.ResetMocksTestExecutionListener, org.springframework.boot.test.autoconfigure.restdocs.RestDocsTestExecutionListener, org.springframework.boot.test.autoconfigure.web.client.MockRestServiceServerResetTestExecutionListener, org.springframework.boot.test.autoconfigure.web.servlet.MockMvcPrintOnlyOnFailureTestExecutionListener, org.springframework.boot.test.autoconfigure.web.servlet.WebDriverTestExecutionListener, org.springframework.test.context.web.ServletTestExecutionListener, org.springframework.test.context.support.DirtiesContextBeforeModesTestExecutionListener, org.springframework.test.context.support.DependencyInjectionTestExecutionListener, org.springframework.test.context.support.DirtiesContextTestExecutionListener, org.springframework.test.context.transaction.TransactionalTestExecutionListener, org.springframework.test.context.jdbc.SqlScriptsTestExecutionListener]
19:02:37.507 [main] INFO org.springframework.boot.test.context.SpringBootTestContextBootstrapper - Using TestExecutionListeners: [org.springframework.test.context.web.ServletTestExecutionListener@7b9a4292, org.springframework.test.context.support.DirtiesContextBeforeModesTestExecutionListener@4a94ee4, org.springframework.boot.test.mock.mockito.MockitoTestExecutionListener@4cc451f2, org.springframework.boot.test.autoconfigure.SpringBootDependencyInjectionTestExecutionListener@6379eb, org.springframework.test.context.support.DirtiesContextTestExecutionListener@294425a7, org.springframework.test.context.transaction.TransactionalTestExecutionListener@67d48005, org.springframework.test.context.jdbc.SqlScriptsTestExecutionListener@9f116cc, org.springframework.boot.test.mock.mockito.ResetMocksTestExecutionListener@12468a38, org.springframework.boot.test.autoconfigure.restdocs.RestDocsTestExecutionListener@1aa7ecca, org.springframework.boot.test.autoconfigure.web.client.MockRestServiceServerResetTestExecutionListener@59309333, org.springframework.boot.test.autoconfigure.web.servlet.MockMvcPrintOnlyOnFailureTestExecutionListener@5876a9af, org.springframework.boot.test.autoconfigure.web.servlet.WebDriverTestExecutionListener@7ec7ffd3]
19:02:37.520 [main] DEBUG org.springframework.test.annotation.ProfileValueUtils - Retrieved @ProfileValueSourceConfiguration [null] for test class [com.xantrix.webapp.UnitTest.ControllerTest]
19:02:37.524 [main] DEBUG org.springframework.test.annotation.ProfileValueUtils - Retrieved ProfileValueSource type [class org.springframework.test.annotation.SystemProfileValueSource] for class [com.xantrix.webapp.UnitTest.ControllerTest]
19:02:37.539 [main] DEBUG org.springframework.test.annotation.ProfileValueUtils - Retrieved @ProfileValueSourceConfiguration [null] for test class [com.xantrix.webapp.UnitTest.ControllerTest]
19:02:37.542 [main] DEBUG org.springframework.test.annotation.ProfileValueUtils - Retrieved ProfileValueSource type [class org.springframework.test.annotation.SystemProfileValueSource] for class [com.xantrix.webapp.UnitTest.ControllerTest]
19:02:37.544 [main] DEBUG org.springframework.test.annotation.ProfileValueUtils - Retrieved @ProfileValueSourceConfiguration [null] for test class [com.xantrix.webapp.UnitTest.ControllerTest]
19:02:37.547 [main] DEBUG org.springframework.test.annotation.ProfileValueUtils - Retrieved ProfileValueSource type [class org.springframework.test.annotation.SystemProfileValueSource] for class [com.xantrix.webapp.UnitTest.ControllerTest]
19:02:37.576 [main] DEBUG org.springframework.test.context.support.AbstractDirtiesContextTestExecutionListener - Before test class: context [DefaultTestContext@3febb011 testClass = ControllerTest, testInstance = [null], testMethod = [null], testException = [null], mergedContextConfiguration = [WebMergedContextConfiguration@10e31a9a testClass = ControllerTest, locations = '{}', classes = '{class com.xantrix.webapp.Application}', contextInitializerClasses = '[]', activeProfiles = '{}', propertySourceLocations = '{}', propertySourceProperties = '{org.springframework.boot.test.context.SpringBootTestContextBootstrapper=true}', contextCustomizers = set[org.springframework.boot.test.context.filter.ExcludeFilterContextCustomizer@1d371b2d, org.springframework.boot.test.json.DuplicateJsonObjectContextCustomizerFactory$DuplicateJsonObjectContextCustomizer@51c8530f, org.springframework.boot.test.mock.mockito.MockitoContextCustomizer@0, org.springframework.boot.test.web.client.TestRestTemplateContextCustomizer@704d6e83, org.springframework.boot.test.autoconfigure.properties.PropertyMappingContextCustomizer@0, org.springframework.boot.test.autoconfigure.web.servlet.WebDriverContextCustomizerFactory$Customizer@16f7c8c1], resourceBasePath = 'src/main/webapp', contextLoader = 'org.springframework.boot.test.context.SpringBootContextLoader', parent = [null]], attributes = map['org.springframework.test.context.web.ServletTestExecutionListener.activateListener' -> true]], class annotated with @DirtiesContext [false] with mode [null].
19:02:37.594 [main] DEBUG org.springframework.test.annotation.ProfileValueUtils - Retrieved @ProfileValueSourceConfiguration [null] for test class [com.xantrix.webapp.UnitTest.ControllerTest]
19:02:37.595 [main] DEBUG org.springframework.test.annotation.ProfileValueUtils - Retrieved ProfileValueSource type [class org.springframework.test.annotation.SystemProfileValueSource] for class [com.xantrix.webapp.UnitTest.ControllerTest]
19:02:37.791 [main] DEBUG org.springframework.core.env.StandardEnvironment - Adding PropertySource 'systemProperties' with lowest search precedence
19:02:37.792 [main] DEBUG org.springframework.core.env.StandardEnvironment - Adding PropertySource 'systemEnvironment' with lowest search precedence
19:02:37.796 [main] DEBUG org.springframework.core.env.StandardEnvironment - Initialized StandardEnvironment with PropertySources [MapPropertySource@208866101 {name='systemProperties', properties={java.runtime.name=Java(TM) SE Runtime Environment, sun.boot.library.path=/usr/lib/jvm/java-8-oracle/jre/lib/amd64, java.vm.version=25.181-b13, java.vm.vendor=Oracle Corporation, java.vendor.url=http://java.oracle.com/, path.separator=:, java.vm.name=Java HotSpot(TM) 64-Bit Server VM, file.encoding.pkg=sun.io, user.country=US, sun.java.launcher=SUN_STANDARD, sun.os.patch.level=unknown, java.vm.specification.name=Java Virtual Machine Specification, user.dir=/home/nicola/Documents/Java/Udemy/Spring Cloud/gestuser, java.runtime.version=1.8.0_181-b13, basedir=/home/nicola/Documents/Java/Udemy/Spring Cloud/gestuser, java.awt.graphicsenv=sun.awt.X11GraphicsEnvironment, java.endorsed.dirs=/usr/lib/jvm/java-8-oracle/jre/lib/endorsed, os.arch=amd64, surefire.real.class.path=/home/nicola/Documents/Java/Udemy/Spring Cloud/gestuser/target/surefire/surefirebooter3477662980725551586.jar, java.io.tmpdir=/tmp, line.separator=
, java.vm.specification.vendor=Oracle Corporation, os.name=Linux, sun.jnu.encoding=UTF-8, java.library.path=/usr/java/packages/lib/amd64:/usr/lib64:/lib64:/lib:/usr/lib, surefire.test.class.path=/home/nicola/Documents/Java/Udemy/Spring Cloud/gestuser/target/test-classes:/home/nicola/Documents/Java/Udemy/Spring Cloud/gestuser/target/classes:/home/nicola/.m2/repository/org/springframework/boot/spring-boot-starter-data-mongodb/2.0.5.RELEASE/spring-boot-starter-data-mongodb-2.0.5.RELEASE.jar:/home/nicola/.m2/repository/org/springframework/boot/spring-boot-starter/2.0.5.RELEASE/spring-boot-starter-2.0.5.RELEASE.jar:/home/nicola/.m2/repository/org/springframework/boot/spring-boot-starter-logging/2.0.5.RELEASE/spring-boot-starter-logging-2.0.5.RELEASE.jar:/home/nicola/.m2/repository/ch/qos/logback/logback-classic/1.2.3/logback-classic-1.2.3.jar:/home/nicola/.m2/repository/ch/qos/logback/logback-core/1.2.3/logback-core-1.2.3.jar:/home/nicola/.m2/repository/org/apache/logging/log4j/log4j-to-slf4j/2.10.0/log4j-to-slf4j-2.10.0.jar:/home/nicola/.m2/repository/org/apache/logging/log4j/log4j-api/2.10.0/log4j-api-2.10.0.jar:/home/nicola/.m2/repository/org/slf4j/jul-to-slf4j/1.7.25/jul-to-slf4j-1.7.25.jar:/home/nicola/.m2/repository/javax/annotation/javax.annotation-api/1.3.2/javax.annotation-api-1.3.2.jar:/home/nicola/.m2/repository/org/yaml/snakeyaml/1.19/snakeyaml-1.19.jar:/home/nicola/.m2/repository/org/mongodb/mongodb-driver/3.6.4/mongodb-driver-3.6.4.jar:/home/nicola/.m2/repository/org/mongodb/bson/3.6.4/bson-3.6.4.jar:/home/nicola/.m2/repository/org/mongodb/mongodb-driver-core/3.6.4/mongodb-driver-core-3.6.4.jar:/home/nicola/.m2/repository/org/springframework/data/spring-data-mongodb/2.0.10.RELEASE/spring-data-mongodb-2.0.10.RELEASE.jar:/home/nicola/.m2/repository/org/springframework/spring-tx/5.0.9.RELEASE/spring-tx-5.0.9.RELEASE.jar:/home/nicola/.m2/repository/org/springframework/spring-context/5.0.9.RELEASE/spring-context-5.0.9.RELEASE.jar:/home/nicola/.m2/repository/org/springframework/spring-beans/5.0.9.RELEASE/spring-beans-5.0.9.RELEASE.jar:/home/nicola/.m2/repository/org/springframework/spring-expression/5.0.9.RELEASE/spring-expression-5.0.9.RELEASE.jar:/home/nicola/.m2/repository/org/springframework/data/spring-data-commons/2.0.10.RELEASE/spring-data-commons-2.0.10.RELEASE.jar:/home/nicola/.m2/repository/org/slf4j/slf4j-api/1.7.25/slf4j-api-1.7.25.jar:/home/nicola/.m2/repository/org/springframework/boot/spring-boot-starter-web/2.0.5.RELEASE/spring-boot-starter-web-2.0.5.RELEASE.jar:/home/nicola/.m2/repository/org/springframework/boot/spring-boot-starter-json/2.0.5.RELEASE/spring-boot-starter-json-2.0.5.RELEASE.jar:/home/nicola/.m2/repository/com/fasterxml/jackson/core/jackson-databind/2.9.6/jackson-databind-2.9.6.jar:/home/nicola/.m2/repository/com/fasterxml/jackson/core/jackson-annotations/2.9.0/jackson-annotations-2.9.0.jar:/home/nicola/.m2/repository/com/fasterxml/jackson/core/jackson-core/2.9.6/jackson-core-2.9.6.jar:/home/nicola/.m2/repository/com/fasterxml/jackson/datatype/jackson-datatype-jdk8/2.9.6/jackson-datatype-jdk8-2.9.6.jar:/home/nicola/.m2/repository/com/fasterxml/jackson/datatype/jackson-datatype-jsr310/2.9.6/jackson-datatype-jsr310-2.9.6.jar:/home/nicola/.m2/repository/com/fasterxml/jackson/module/jackson-module-parameter-names/2.9.6/jackson-module-parameter-names-2.9.6.jar:/home/nicola/.m2/repository/org/springframework/boot/spring-boot-starter-tomcat/2.0.5.RELEASE/spring-boot-starter-tomcat-2.0.5.RELEASE.jar:/home/nicola/.m2/repository/org/apache/tomcat/embed/tomcat-embed-core/8.5.34/tomcat-embed-core-8.5.34.jar:/home/nicola/.m2/repository/org/apache/tomcat/embed/tomcat-embed-el/8.5.34/tomcat-embed-el-8.5.34.jar:/home/nicola/.m2/repository/org/apache/tomcat/embed/tomcat-embed-websocket/8.5.34/tomcat-embed-websocket-8.5.34.jar:/home/nicola/.m2/repository/org/hibernate/validator/hibernate-validator/6.0.12.Final/hibernate-validator-6.0.12.Final.jar:/home/nicola/.m2/repository/javax/validation/validation-api/2.0.1.Final/validation-api-2.0.1.Final.jar:/home/nicola/.m2/repository/org/jboss/logging/jboss-logging/3.3.2.Final/jboss-logging-3.3.2.Final.jar:/home/nicola/.m2/repository/com/fasterxml/classmate/1.3.4/classmate-1.3.4.jar:/home/nicola/.m2/repository/org/springframework/spring-web/5.0.9.RELEASE/spring-web-5.0.9.RELEASE.jar:/home/nicola/.m2/repository/org/springframework/spring-webmvc/5.0.9.RELEASE/spring-webmvc-5.0.9.RELEASE.jar:/home/nicola/.m2/repository/org/projectlombok/lombok/1.16.22/lombok-1.16.22.jar:/home/nicola/.m2/repository/org/springframework/boot/spring-boot-starter-security/2.0.5.RELEASE/spring-boot-starter-security-2.0.5.RELEASE.jar:/home/nicola/.m2/repository/org/springframework/spring-aop/5.0.9.RELEASE/spring-aop-5.0.9.RELEASE.jar:/home/nicola/.m2/repository/org/springframework/security/spring-security-config/5.0.8.RELEASE/spring-security-config-5.0.8.RELEASE.jar:/home/nicola/.m2/repository/org/springframework/security/spring-security-core/5.0.8.RELEASE/spring-security-core-5.0.8.RELEASE.jar:/home/nicola/.m2/repository/org/springframework/security/spring-security-web/5.0.8.RELEASE/spring-security-web-5.0.8.RELEASE.jar:/home/nicola/.m2/repository/org/springframework/boot/spring-boot-devtools/2.0.5.RELEASE/spring-boot-devtools-2.0.5.RELEASE.jar:/home/nicola/.m2/repository/org/springframework/boot/spring-boot/2.0.5.RELEASE/spring-boot-2.0.5.RELEASE.jar:/home/nicola/.m2/repository/org/springframework/boot/spring-boot-autoconfigure/2.0.5.RELEASE/spring-boot-autoconfigure-2.0.5.RELEASE.jar:/home/nicola/.m2/repository/org/springframework/boot/spring-boot-starter-test/2.0.5.RELEASE/spring-boot-starter-test-2.0.5.RELEASE.jar:/home/nicola/.m2/repository/org/springframework/boot/spring-boot-test/2.0.5.RELEASE/spring-boot-test-2.0.5.RELEASE.jar:/home/nicola/.m2/repository/org/springframework/boot/spring-boot-test-autoconfigure/2.0.5.RELEASE/spring-boot-test-autoconfigure-2.0.5.RELEASE.jar:/home/nicola/.m2/repository/com/jayway/jsonpath/json-path/2.4.0/json-path-2.4.0.jar:/home/nicola/.m2/repository/net/minidev/json-smart/2.3/json-smart-2.3.jar:/home/nicola/.m2/repository/net/minidev/accessors-smart/1.2/accessors-smart-1.2.jar:/home/nicola/.m2/repository/org/ow2/asm/asm/5.0.4/asm-5.0.4.jar:/home/nicola/.m2/repository/junit/junit/4.12/junit-4.12.jar:/home/nicola/.m2/repository/org/assertj/assertj-core/3.9.1/assertj-core-3.9.1.jar:/home/nicola/.m2/repository/org/mockito/mockito-core/2.15.0/mockito-core-2.15.0.jar:/home/nicola/.m2/repository/net/bytebuddy/byte-buddy/1.7.11/byte-buddy-1.7.11.jar:/home/nicola/.m2/repository/net/bytebuddy/byte-buddy-agent/1.7.11/byte-buddy-agent-1.7.11.jar:/home/nicola/.m2/repository/org/objenesis/objenesis/2.6/objenesis-2.6.jar:/home/nicola/.m2/repository/org/hamcrest/hamcrest-core/1.3/hamcrest-core-1.3.jar:/home/nicola/.m2/repository/org/hamcrest/hamcrest-library/1.3/hamcrest-library-1.3.jar:/home/nicola/.m2/repository/org/skyscreamer/jsonassert/1.5.0/jsonassert-1.5.0.jar:/home/nicola/.m2/repository/com/vaadin/external/google/android-json/0.0.20131108.vaadin1/android-json-0.0.20131108.vaadin1.jar:/home/nicola/.m2/repository/org/springframework/spring-core/5.0.9.RELEASE/spring-core-5.0.9.RELEASE.jar:/home/nicola/.m2/repository/org/springframework/spring-jcl/5.0.9.RELEASE/spring-jcl-5.0.9.RELEASE.jar:/home/nicola/.m2/repository/org/springframework/spring-test/5.0.9.RELEASE/spring-test-5.0.9.RELEASE.jar:/home/nicola/.m2/repository/org/xmlunit/xmlunit-core/2.5.1/xmlunit-core-2.5.1.jar:, java.specification.name=Java Platform API Specification, java.class.version=52.0, sun.management.compiler=HotSpot 64-Bit Tiered Compilers, os.version=4.15.0-42-generic, user.home=/home/nicola, user.timezone=Europe/Rome, java.awt.printerjob=sun.print.PSPrinterJob, file.encoding=UTF-8, java.specification.version=1.8, java.class.path=/home/nicola/Documents/Java/Udemy/Spring Cloud/gestuser/target/test-classes:/home/nicola/Documents/Java/Udemy/Spring Cloud/gestuser/target/classes:/home/nicola/.m2/repository/org/springframework/boot/spring-boot-starter-data-mongodb/2.0.5.RELEASE/spring-boot-starter-data-mongodb-2.0.5.RELEASE.jar:/home/nicola/.m2/repository/org/springframework/boot/spring-boot-starter/2.0.5.RELEASE/spring-boot-starter-2.0.5.RELEASE.jar:/home/nicola/.m2/repository/org/springframework/boot/spring-boot-starter-logging/2.0.5.RELEASE/spring-boot-starter-logging-2.0.5.RELEASE.jar:/home/nicola/.m2/repository/ch/qos/logback/logback-classic/1.2.3/logback-classic-1.2.3.jar:/home/nicola/.m2/repository/ch/qos/logback/logback-core/1.2.3/logback-core-1.2.3.jar:/home/nicola/.m2/repository/org/apache/logging/log4j/log4j-to-slf4j/2.10.0/log4j-to-slf4j-2.10.0.jar:/home/nicola/.m2/repository/org/apache/logging/log4j/log4j-api/2.10.0/log4j-api-2.10.0.jar:/home/nicola/.m2/repository/org/slf4j/jul-to-slf4j/1.7.25/jul-to-slf4j-1.7.25.jar:/home/nicola/.m2/repository/javax/annotation/javax.annotation-api/1.3.2/javax.annotation-api-1.3.2.jar:/home/nicola/.m2/repository/org/yaml/snakeyaml/1.19/snakeyaml-1.19.jar:/home/nicola/.m2/repository/org/mongodb/mongodb-driver/3.6.4/mongodb-driver-3.6.4.jar:/home/nicola/.m2/repository/org/mongodb/bson/3.6.4/bson-3.6.4.jar:/home/nicola/.m2/repository/org/mongodb/mongodb-driver-core/3.6.4/mongodb-driver-core-3.6.4.jar:/home/nicola/.m2/repository/org/springframework/data/spring-data-mongodb/2.0.10.RELEASE/spring-data-mongodb-2.0.10.RELEASE.jar:/home/nicola/.m2/repository/org/springframework/spring-tx/5.0.9.RELEASE/spring-tx-5.0.9.RELEASE.jar:/home/nicola/.m2/repository/org/springframework/spring-context/5.0.9.RELEASE/spring-context-5.0.9.RELEASE.jar:/home/nicola/.m2/repository/org/springframework/spring-beans/5.0.9.RELEASE/spring-beans-5.0.9.RELEASE.jar:/home/nicola/.m2/repository/org/springframework/spring-expression/5.0.9.RELEASE/spring-expression-5.0.9.RELEASE.jar:/home/nicola/.m2/repository/org/springframework/data/spring-data-commons/2.0.10.RELEASE/spring-data-commons-2.0.10.RELEASE.jar:/home/nicola/.m2/repository/org/slf4j/slf4j-api/1.7.25/slf4j-api-1.7.25.jar:/home/nicola/.m2/repository/org/springframework/boot/spring-boot-starter-web/2.0.5.RELEASE/spring-boot-starter-web-2.0.5.RELEASE.jar:/home/nicola/.m2/repository/org/springframework/boot/spring-boot-starter-json/2.0.5.RELEASE/spring-boot-starter-json-2.0.5.RELEASE.jar:/home/nicola/.m2/repository/com/fasterxml/jackson/core/jackson-databind/2.9.6/jackson-databind-2.9.6.jar:/home/nicola/.m2/repository/com/fasterxml/jackson/core/jackson-annotations/2.9.0/jackson-annotations-2.9.0.jar:/home/nicola/.m2/repository/com/fasterxml/jackson/core/jackson-core/2.9.6/jackson-core-2.9.6.jar:/home/nicola/.m2/repository/com/fasterxml/jackson/datatype/jackson-datatype-jdk8/2.9.6/jackson-datatype-jdk8-2.9.6.jar:/home/nicola/.m2/repository/com/fasterxml/jackson/datatype/jackson-datatype-jsr310/2.9.6/jackson-datatype-jsr310-2.9.6.jar:/home/nicola/.m2/repository/com/fasterxml/jackson/module/jackson-module-parameter-names/2.9.6/jackson-module-parameter-names-2.9.6.jar:/home/nicola/.m2/repository/org/springframework/boot/spring-boot-starter-tomcat/2.0.5.RELEASE/spring-boot-starter-tomcat-2.0.5.RELEASE.jar:/home/nicola/.m2/repository/org/apache/tomcat/embed/tomcat-embed-core/8.5.34/tomcat-embed-core-8.5.34.jar:/home/nicola/.m2/repository/org/apache/tomcat/embed/tomcat-embed-el/8.5.34/tomcat-embed-el-8.5.34.jar:/home/nicola/.m2/repository/org/apache/tomcat/embed/tomcat-embed-websocket/8.5.34/tomcat-embed-websocket-8.5.34.jar:/home/nicola/.m2/repository/org/hibernate/validator/hibernate-validator/6.0.12.Final/hibernate-validator-6.0.12.Final.jar:/home/nicola/.m2/repository/javax/validation/validation-api/2.0.1.Final/validation-api-2.0.1.Final.jar:/home/nicola/.m2/repository/org/jboss/logging/jboss-logging/3.3.2.Final/jboss-logging-3.3.2.Final.jar:/home/nicola/.m2/repository/com/fasterxml/classmate/1.3.4/classmate-1.3.4.jar:/home/nicola/.m2/repository/org/springframework/spring-web/5.0.9.RELEASE/spring-web-5.0.9.RELEASE.jar:/home/nicola/.m2/repository/org/springframework/spring-webmvc/5.0.9.RELEASE/spring-webmvc-5.0.9.RELEASE.jar:/home/nicola/.m2/repository/org/projectlombok/lombok/1.16.22/lombok-1.16.22.jar:/home/nicola/.m2/repository/org/springframework/boot/spring-boot-starter-security/2.0.5.RELEASE/spring-boot-starter-security-2.0.5.RELEASE.jar:/home/nicola/.m2/repository/org/springframework/spring-aop/5.0.9.RELEASE/spring-aop-5.0.9.RELEASE.jar:/home/nicola/.m2/repository/org/springframework/security/spring-security-config/5.0.8.RELEASE/spring-security-config-5.0.8.RELEASE.jar:/home/nicola/.m2/repository/org/springframework/security/spring-security-core/5.0.8.RELEASE/spring-security-core-5.0.8.RELEASE.jar:/home/nicola/.m2/repository/org/springframework/security/spring-security-web/5.0.8.RELEASE/spring-security-web-5.0.8.RELEASE.jar:/home/nicola/.m2/repository/org/springframework/boot/spring-boot-devtools/2.0.5.RELEASE/spring-boot-devtools-2.0.5.RELEASE.jar:/home/nicola/.m2/repository/org/springframework/boot/spring-boot/2.0.5.RELEASE/spring-boot-2.0.5.RELEASE.jar:/home/nicola/.m2/repository/org/springframework/boot/spring-boot-autoconfigure/2.0.5.RELEASE/spring-boot-autoconfigure-2.0.5.RELEASE.jar:/home/nicola/.m2/repository/org/springframework/boot/spring-boot-starter-test/2.0.5.RELEASE/spring-boot-starter-test-2.0.5.RELEASE.jar:/home/nicola/.m2/repository/org/springframework/boot/spring-boot-test/2.0.5.RELEASE/spring-boot-test-2.0.5.RELEASE.jar:/home/nicola/.m2/repository/org/springframework/boot/spring-boot-test-autoconfigure/2.0.5.RELEASE/spring-boot-test-autoconfigure-2.0.5.RELEASE.jar:/home/nicola/.m2/repository/com/jayway/jsonpath/json-path/2.4.0/json-path-2.4.0.jar:/home/nicola/.m2/repository/net/minidev/json-smart/2.3/json-smart-2.3.jar:/home/nicola/.m2/repository/net/minidev/accessors-smart/1.2/accessors-smart-1.2.jar:/home/nicola/.m2/repository/org/ow2/asm/asm/5.0.4/asm-5.0.4.jar:/home/nicola/.m2/repository/junit/junit/4.12/junit-4.12.jar:/home/nicola/.m2/repository/org/assertj/assertj-core/3.9.1/assertj-core-3.9.1.jar:/home/nicola/.m2/repository/org/mockito/mockito-core/2.15.0/mockito-core-2.15.0.jar:/home/nicola/.m2/repository/net/bytebuddy/byte-buddy/1.7.11/byte-buddy-1.7.11.jar:/home/nicola/.m2/repository/net/bytebuddy/byte-buddy-agent/1.7.11/byte-buddy-agent-1.7.11.jar:/home/nicola/.m2/repository/org/objenesis/objenesis/2.6/objenesis-2.6.jar:/home/nicola/.m2/repository/org/hamcrest/hamcrest-core/1.3/hamcrest-core-1.3.jar:/home/nicola/.m2/repository/org/hamcrest/hamcrest-library/1.3/hamcrest-library-1.3.jar:/home/nicola/.m2/repository/org/skyscreamer/jsonassert/1.5.0/jsonassert-1.5.0.jar:/home/nicola/.m2/repository/com/vaadin/external/google/android-json/0.0.20131108.vaadin1/android-json-0.0.20131108.vaadin1.jar:/home/nicola/.m2/repository/org/springframework/spring-core/5.0.9.RELEASE/spring-core-5.0.9.RELEASE.jar:/home/nicola/.m2/repository/org/springframework/spring-jcl/5.0.9.RELEASE/spring-jcl-5.0.9.RELEASE.jar:/home/nicola/.m2/repository/org/springframework/spring-test/5.0.9.RELEASE/spring-test-5.0.9.RELEASE.jar:/home/nicola/.m2/repository/org/xmlunit/xmlunit-core/2.5.1/xmlunit-core-2.5.1.jar:, user.name=nicola, java.vm.specification.version=1.8, sun.java.command=/home/nicola/Documents/Java/Udemy/Spring Cloud/gestuser/target/surefire/surefirebooter3477662980725551586.jar /home/nicola/Documents/Java/Udemy/Spring Cloud/gestuser/target/surefire 2018-12-08T19-02-30_810-jvmRun1 surefire2495439939186406947tmp surefire_04141588049485625899tmp, java.home=/usr/lib/jvm/java-8-oracle/jre, sun.arch.data.model=64, user.language=en, java.specification.vendor=Oracle Corporation, awt.toolkit=sun.awt.X11.XToolkit, java.vm.info=mixed mode, java.version=1.8.0_181, java.ext.dirs=/usr/lib/jvm/java-8-oracle/jre/lib/ext:/usr/java/packages/lib/ext, sun.boot.class.path=/usr/lib/jvm/java-8-oracle/jre/lib/resources.jar:/usr/lib/jvm/java-8-oracle/jre/lib/rt.jar:/usr/lib/jvm/java-8-oracle/jre/lib/sunrsasign.jar:/usr/lib/jvm/java-8-oracle/jre/lib/jsse.jar:/usr/lib/jvm/java-8-oracle/jre/lib/jce.jar:/usr/lib/jvm/java-8-oracle/jre/lib/charsets.jar:/usr/lib/jvm/java-8-oracle/jre/lib/jfr.jar:/usr/lib/jvm/java-8-oracle/jre/classes, java.vendor=Oracle Corporation, localRepository=/home/nicola/.m2/repository, file.separator=/, java.vendor.url.bug=http://bugreport.sun.com/bugreport/, sun.io.unicode.encoding=UnicodeLittle, sun.cpu.endian=little, sun.desktop=gnome, sun.cpu.isalist=}}, SystemEnvironmentPropertySource@543846639 {name='systemEnvironment', properties={PATH=/home/nicola/.local/bin:/home/nicola/.local/bin:/usr/local/sbin:/usr/local/bin:/usr/sbin:/usr/bin:/sbin:/bin:/usr/games:/usr/local/games:/snap/bin:/home/nicola/.dotnet/tools:/usr/lib/jvm/java-8-oracle/bin:/usr/lib/jvm/java-8-oracle/db/bin:/usr/lib/jvm/java-8-oracle/jre/bin:/home/nicola/.dotnet/tools:/usr/lib/jvm/java-8-oracle/bin:/usr/lib/jvm/java-8-oracle/db/bin:/usr/lib/jvm/java-8-oracle/jre/bin, LC_MEASUREMENT=it_IT.UTF-8, XAUTHORITY=/run/user/1000/gdm/Xauthority, XMODIFIERS=@im=ibus, LC_TELEPHONE=it_IT.UTF-8, XDG_DATA_DIRS=/usr/share/ubuntu:/usr/local/share:/usr/share:/var/lib/snapd/desktop, GDMSESSION=ubuntu, MANDATORY_PATH=/usr/share/gconf/ubuntu.mandatory.path, LC_TIME=it_IT.UTF-8, TEXTDOMAINDIR=/usr/share/locale/, GTK_IM_MODULE=ibus, DBUS_SESSION_BUS_ADDRESS=unix:path=/run/user/1000/bus, DEFAULTS_PATH=/usr/share/gconf/ubuntu.default.path, XDG_CURRENT_DESKTOP=Unity, SSH_AGENT_PID=3564, QT4_IM_MODULE=xim, LC_PAPER=it_IT.UTF-8, SESSION_MANAGER=local/linux-pc:@/tmp/.ICE-unix/3468,unix/linux-pc:/tmp/.ICE-unix/3468, USERNAME=nicola, LOGNAME=nicola, PWD=/home/nicola/Documents/Java/Udemy/Spring Cloud/gestuser, TERM_PROGRAM_VERSION=1.29.1, DERBY_HOME=/usr/lib/jvm/java-8-oracle/db, IM_CONFIG_PHASE=2, GJS_DEBUG_TOPICS=JS ERROR;JS LOG, SHELL=/bin/bash, LESSOPEN=| /usr/bin/lesspipe %s, CHROME_DESKTOP=code-url-handler.desktop, LC_ADDRESS=it_IT.UTF-8, GIO_LAUNCHED_DESKTOP_FILE=/usr/share/applications/code.desktop, J2SDKDIR=/usr/lib/jvm/java-8-oracle, OLDPWD=/home/nicola/Documents/Java/Udemy/Spring Cloud/gestuser, GNOME_DESKTOP_SESSION_ID=this-is-deprecated, GTK_MODULES=gail:atk-bridge, J2REDIR=/usr/lib/jvm/java-8-oracle/jre, CLUTTER_IM_MODULE=xim, TEXTDOMAIN=im-config, LS_COLORS=rs=0:di=01;34:ln=01;36:mh=00:pi=40;33:so=01;35:do=01;35:bd=40;33;01:cd=40;33;01:or=40;31;01:mi=00:su=37;41:sg=30;43:ca=30;41:tw=30;42:ow=34;42:st=37;44:ex=01;32:*.tar=01;31:*.tgz=01;31:*.arc=01;31:*.arj=01;31:*.taz=01;31:*.lha=01;31:*.lz4=01;31:*.lzh=01;31:*.lzma=01;31:*.tlz=01;31:*.txz=01;31:*.tzo=01;31:*.t7z=01;31:*.zip=01;31:*.z=01;31:*.Z=01;31:*.dz=01;31:*.gz=01;31:*.lrz=01;31:*.lz=01;31:*.lzo=01;31:*.xz=01;31:*.zst=01;31:*.tzst=01;31:*.bz2=01;31:*.bz=01;31:*.tbz=01;31:*.tbz2=01;31:*.tz=01;31:*.deb=01;31:*.rpm=01;31:*.jar=01;31:*.war=01;31:*.ear=01;31:*.sar=01;31:*.rar=01;31:*.alz=01;31:*.ace=01;31:*.zoo=01;31:*.cpio=01;31:*.7z=01;31:*.rz=01;31:*.cab=01;31:*.wim=01;31:*.swm=01;31:*.dwm=01;31:*.esd=01;31:*.jpg=01;35:*.jpeg=01;35:*.mjpg=01;35:*.mjpeg=01;35:*.gif=01;35:*.bmp=01;35:*.pbm=01;35:*.pgm=01;35:*.ppm=01;35:*.tga=01;35:*.xbm=01;35:*.xpm=01;35:*.tif=01;35:*.tiff=01;35:*.png=01;35:*.svg=01;35:*.svgz=01;35:*.mng=01;35:*.pcx=01;35:*.mov=01;35:*.mpg=01;35:*.mpeg=01;35:*.m2v=01;35:*.mkv=01;35:*.webm=01;35:*.ogm=01;35:*.mp4=01;35:*.m4v=01;35:*.mp4v=01;35:*.vob=01;35:*.qt=01;35:*.nuv=01;35:*.wmv=01;35:*.asf=01;35:*.rm=01;35:*.rmvb=01;35:*.flc=01;35:*.avi=01;35:*.fli=01;35:*.flv=01;35:*.gl=01;35:*.dl=01;35:*.xcf=01;35:*.xwd=01;35:*.yuv=01;35:*.cgm=01;35:*.emf=01;35:*.ogv=01;35:*.ogx=01;35:*.aac=00;36:*.au=00;36:*.flac=00;36:*.m4a=00;36:*.mid=00;36:*.midi=00;36:*.mka=00;36:*.mp3=00;36:*.mpc=00;36:*.ogg=00;36:*.ra=00;36:*.wav=00;36:*.oga=00;36:*.opus=00;36:*.spx=00;36:*.xspf=00;36:, XDG_SESSION_DESKTOP=ubuntu, SHLVL=2, LC_IDENTIFICATION=it_IT.UTF-8, LESSCLOSE=/usr/bin/lesspipe %s %s, LC_MONETARY=it_IT.UTF-8, QT_IM_MODULE=ibus, JAVA_HOME=/usr/lib/jvm/java-8-oracle, TERM=xterm-256color, XDG_CONFIG_DIRS=/etc/xdg/xdg-ubuntu:/etc/xdg, LANG=en_US.UTF-8, XDG_SESSION_ID=2, XDG_SESSION_TYPE=x11, DISPLAY=:0, LC_NAME=it_IT.UTF-8, MAVEN_CMD_LINE_ARGS= clean install, _=/usr/bin/mvn, TERM_PROGRAM=vscode, GPG_AGENT_INFO=/run/user/1000/gnupg/S.gpg-agent:0:1, MAVEN_PROJECTBASEDIR=/home/nicola/Documents/Java/Udemy/Spring Cloud/gestuser, DESKTOP_SESSION=ubuntu, USER=nicola, DESKTOP_STARTUP_ID=gnome-shell-3590-linux-pc-/usr/share/code/code-12_TIME30827846, XDG_MENU_PREFIX=gnome-, GIO_LAUNCHED_DESKTOP_FILE_PID=21023, QT_ACCESSIBILITY=1, WINDOWPATH=2, LC_NUMERIC=it_IT.UTF-8, GJS_DEBUG_OUTPUT=stderr, SSH_AUTH_SOCK=/run/user/1000/keyring/ssh, XDG_SEAT=seat0, GNOME_SHELL_SESSION_MODE=ubuntu, XDG_VTNR=2, XDG_RUNTIME_DIR=/run/user/1000, HOME=/home/nicola}}]
19:02:37.825 [main] DEBUG org.springframework.test.context.support.TestPropertySourceUtils - Adding inlined properties to environment: {spring.jmx.enabled=false, org.springframework.boot.test.context.SpringBootTestContextBootstrapper=true, server.port=-1}
19:02:37.826 [main] DEBUG org.springframework.core.env.StandardEnvironment - Adding PropertySource 'Inlined Test Properties' with highest search precedence

  .   ____          _            __ _ _
 /\\ / ___'_ __ _ _(_)_ __  __ _ \ \ \ \
( ( )\___ | '_ | '_| | '_ \/ _` | \ \ \ \
 \\/  ___)| |_)| | | | | || (_| |  ) ) ) )
  '  |____| .__|_| |_|_| |_\__, | / / / /
 =========|_|==============|___/=/_/_/_/
 :: Spring Boot ::        (v2.0.5.RELEASE)

2018-12-08 19:02:40.242  INFO 27635 --- [           main] c.x.webapp.UnitTest.ControllerTest       : Starting ControllerTest on linux-pc with PID 27635 (started by nicola in /home/nicola/Documents/Java/Udemy/Spring Cloud/gestuser)
2018-12-08 19:02:40.247  INFO 27635 --- [           main] c.x.webapp.UnitTest.ControllerTest       : No active profile set, falling back to default profiles: default
2018-12-08 19:02:40.592  INFO 27635 --- [           main] o.s.w.c.s.GenericWebApplicationContext   : Refreshing org.springframework.web.context.support.GenericWebApplicationContext@242b836: startup date [Sat Dec 08 19:02:40 CET 2018]; root of context hierarchy
2018-12-08 19:02:50.756  INFO 27635 --- [           main] org.mongodb.driver.cluster               : Cluster created with settings {hosts=[localhost:37017], mode=MULTIPLE, requiredClusterType=UNKNOWN, serverSelectionTimeout='30000 ms', maxWaitQueueSize=500}
2018-12-08 19:02:50.757  INFO 27635 --- [           main] org.mongodb.driver.cluster               : Adding discovered server localhost:37017 to client view of cluster
2018-12-08 19:02:52.759  INFO 27635 --- [localhost:37017] org.mongodb.driver.connection            : Opened connection [connectionId{localValue:1, serverValue:3}] to localhost:37017
2018-12-08 19:02:52.795  INFO 27635 --- [localhost:37017] org.mongodb.driver.cluster               : Monitor thread successfully connected to server with description ServerDescription{address=localhost:37017, type=STANDALONE, state=CONNECTED, ok=true, version=ServerVersion{versionList=[3, 6, 3]}, minWireVersion=0, maxWireVersion=6, maxDocumentSize=16777216, logicalSessionTimeoutMinutes=30, roundTripTimeNanos=17344112}
2018-12-08 19:02:52.806  INFO 27635 --- [localhost:37017] org.mongodb.driver.cluster               : Discovered cluster type of STANDALONE
2018-12-08 19:02:53.971  INFO 27635 --- [           main] org.mongodb.driver.connection            : Opened connection [connectionId{localValue:2, serverValue:4}] to localhost:37017
2018-12-08 19:02:57.604  INFO 27635 --- [           main] o.s.s.web.DefaultSecurityFilterChain     : Creating filter chain: Ant [pattern='/**', OPTIONS], []
2018-12-08 19:02:58.248  INFO 27635 --- [           main] o.s.s.web.DefaultSecurityFilterChain     : Creating filter chain: org.springframework.security.web.util.matcher.AnyRequestMatcher@1, [org.springframework.security.web.context.request.async.WebAsyncManagerIntegrationFilter@1dba4e06, org.springframework.security.web.context.SecurityContextPersistenceFilter@26844abb, org.springframework.security.web.header.HeaderWriterFilter@336206d8, org.springframework.security.web.authentication.logout.LogoutFilter@323f3c96, org.springframework.security.web.authentication.www.BasicAuthenticationFilter@fab35b1, org.springframework.security.web.savedrequest.RequestCacheAwareFilter@288ca5f0, org.springframework.security.web.servletapi.SecurityContextHolderAwareRequestFilter@67c5ac52, org.springframework.security.web.authentication.AnonymousAuthenticationFilter@4beaf6bd, org.springframework.security.web.session.SessionManagementFilter@672b72ba, org.springframework.security.web.access.ExceptionTranslationFilter@7c36db44, org.springframework.security.web.access.intercept.FilterSecurityInterceptor@6a472566]
2018-12-08 19:03:00.571  INFO 27635 --- [           main] o.s.w.s.handler.SimpleUrlHandlerMapping  : Mapped URL path [/**/favicon.ico] onto handler of type [class org.springframework.web.servlet.resource.ResourceHttpRequestHandler]
2018-12-08 19:03:02.138  INFO 27635 --- [           main] s.w.s.m.m.a.RequestMappingHandlerAdapter : Looking for @ControllerAdvice: org.springframework.web.context.support.GenericWebApplicationContext@242b836: startup date [Sat Dec 08 19:02:40 CET 2018]; root of context hierarchy
2018-12-08 19:03:02.728  INFO 27635 --- [           main] s.w.s.m.m.a.RequestMappingHandlerMapping : Mapped "{[/utenti/cerca/tutti],methods=[GET]}" onto public java.util.List<com.xantrix.webapp.model.Utenti> com.xantrix.webapp.controller.UtentiController.getAllUser()
2018-12-08 19:03:02.733  INFO 27635 --- [           main] s.w.s.m.m.a.RequestMappingHandlerMapping : Mapped "{[/utenti/cerca/userid/{userId}],methods=[GET]}" onto public com.xantrix.webapp.model.Utenti com.xantrix.webapp.controller.UtentiController.getUtente(java.lang.String)
2018-12-08 19:03:02.741  INFO 27635 --- [           main] s.w.s.m.m.a.RequestMappingHandlerMapping : Mapped "{[/utenti/inserisci],methods=[POST]}" onto public org.springframework.http.ResponseEntity<com.xantrix.webapp.model.Utenti> com.xantrix.webapp.controller.UtentiController.addNewUser(com.xantrix.webapp.model.Utenti,org.springframework.validation.BindingResult)
2018-12-08 19:03:02.743  INFO 27635 --- [           main] s.w.s.m.m.a.RequestMappingHandlerMapping : Mapped "{[/utenti/elimina/{id}],methods=[DELETE]}" onto public org.springframework.http.ResponseEntity<?> com.xantrix.webapp.controller.UtentiController.deleteUser(java.lang.String)
2018-12-08 19:03:02.765  INFO 27635 --- [           main] s.w.s.m.m.a.RequestMappingHandlerMapping : Mapped "{[/error],produces=[text/html]}" onto public org.springframework.web.servlet.ModelAndView org.springframework.boot.autoconfigure.web.servlet.error.BasicErrorController.errorHtml(javax.servlet.http.HttpServletRequest,javax.servlet.http.HttpServletResponse)
2018-12-08 19:03:02.773  INFO 27635 --- [           main] s.w.s.m.m.a.RequestMappingHandlerMapping : Mapped "{[/error]}" onto public org.springframework.http.ResponseEntity<java.util.Map<java.lang.String, java.lang.Object>> org.springframework.boot.autoconfigure.web.servlet.error.BasicErrorController.error(javax.servlet.http.HttpServletRequest)
2018-12-08 19:03:02.965  INFO 27635 --- [           main] o.s.w.s.handler.SimpleUrlHandlerMapping  : Mapped URL path [/webjars/**] onto handler of type [class org.springframework.web.servlet.resource.ResourceHttpRequestHandler]
2018-12-08 19:03:02.970  INFO 27635 --- [           main] o.s.w.s.handler.SimpleUrlHandlerMapping  : Mapped URL path [/**] onto handler of type [class org.springframework.web.servlet.resource.ResourceHttpRequestHandler]
2018-12-08 19:03:04.452  INFO 27635 --- [           main] c.x.webapp.UnitTest.ControllerTest       : Started ControllerTest in 26.555 seconds (JVM running for 31.906)
2018-12-08 19:03:05.588  INFO 27635 --- [           main] o.s.b.t.m.w.SpringBootMockServletContext : Initializing Spring FrameworkServlet ''
2018-12-08 19:03:05.590  INFO 27635 --- [           main] o.s.t.web.servlet.TestDispatcherServlet  : FrameworkServlet '': initialization started
2018-12-08 19:03:05.662  INFO 27635 --- [           main] o.s.t.web.servlet.TestDispatcherServlet  : FrameworkServlet '': initialization completed in 69 ms
2018-12-08 19:03:07.057  INFO 27635 --- [           main] c.x.webapp.controller.UtentiController   : Inserimento Nuovo Utente
2018-12-08 19:03:07.061  WARN 27635 --- [           main] c.x.webapp.controller.UtentiController   : Errore Validazione Password
]]></system-out>
  </testcase>
  <testcase name="B_listUserByUserId" classname="com.xantrix.webapp.UnitTest.ControllerTest" time="0.684"/>
  <testcase name="C_testDelUtente" classname="com.xantrix.webapp.UnitTest.ControllerTest" time="0.235"/>
  <testcase name="D_testInsUtente" classname="com.xantrix.webapp.UnitTest.ControllerTest" time="0.495">
    <error message="Request processing failed; nested exception is org.springframework.dao.DuplicateKeyException: E11000 duplicate key error collection: ms-users.utenti index: userId dup key: { : &quot;Nicola&quot; }; nested exception is com.mongodb.MongoWriteException: E11000 duplicate key error collection: ms-users.utenti index: userId dup key: { : &quot;Nicola&quot; }" type="org.springframework.web.util.NestedServletException">org.springframework.web.util.NestedServletException: Request processing failed; nested exception is org.springframework.dao.DuplicateKeyException: E11000 duplicate key error collection: ms-users.utenti index: userId dup key: { : "Nicola" }; nested exception is com.mongodb.MongoWriteException: E11000 duplicate key error collection: ms-users.utenti index: userId dup key: { : "Nicola" }
	at com.xantrix.webapp.UnitTest.ControllerTest.D_testInsUtente(ControllerTest.java:113)
Caused by: org.springframework.dao.DuplicateKeyException: E11000 duplicate key error collection: ms-users.utenti index: userId dup key: { : "Nicola" }; nested exception is com.mongodb.MongoWriteException: E11000 duplicate key error collection: ms-users.utenti index: userId dup key: { : "Nicola" }
	at com.xantrix.webapp.UnitTest.ControllerTest.D_testInsUtente(ControllerTest.java:113)
Caused by: com.mongodb.MongoWriteException: E11000 duplicate key error collection: ms-users.utenti index: userId dup key: { : "Nicola" }
	at com.xantrix.webapp.UnitTest.ControllerTest.D_testInsUtente(ControllerTest.java:113)
</error>
    <system-out><![CDATA[2018-12-08 19:03:09.098  INFO 27635 --- [           main] o.s.b.t.m.w.SpringBootMockServletContext : Initializing Spring FrameworkServlet ''
2018-12-08 19:03:09.100  INFO 27635 --- [           main] o.s.t.web.servlet.TestDispatcherServlet  : FrameworkServlet '': initialization started
2018-12-08 19:03:09.120  INFO 27635 --- [           main] o.s.t.web.servlet.TestDispatcherServlet  : FrameworkServlet '': initialization completed in 9 ms
2018-12-08 19:03:09.134  INFO 27635 --- [           main] c.x.webapp.controller.UtentiController   : Inserimento Nuovo Utente
]]></system-out>
  </testcase>
  <testcase name="E_testDelUtente" classname="com.xantrix.webapp.UnitTest.ControllerTest" time="0.104"/>
</testsuite>